build/app/intermediates/manifest_merge_blame_file/debug/manifest-merger-blame-debug-report.txt
1<?xml version="1.0" encoding="utf-8"?>
2<manifest xmlns:android="http://schemas.android.com/apk/res/android"
3    package="com.dangngocduc.instagramflutter"
4    android:versionCode="2"
5    android:versionName="1.0.1" >
6
7    <uses-sdk
8        android:minSdkVersion="16"
9        android:targetSdkVersion="28" />
10    <!--
11         Flutter needs it to communicate with the running application
12         to allow setting breakpoints, to provide hot reload, etc.
13    -->
14    <uses-permission android:name="android.permission.INTERNET" />
14-->src\main\AndroidManifest.xml:7:3-65
14-->src\main\AndroidManifest.xml:7:20-62
15
16    <application
16-->src\main\AndroidManifest.xml:9:3-30:17
17        android:appComponentFactory="androidx.core.app.CoreComponentFactory"
17-->[androidx.core:core:1.6.0] AndroidManifest.xml:24:18-86
18        android:debuggable="true"
19        android:icon="@mipmap/ic_launcher"
19-->src\main\AndroidManifest.xml:9:49-83
20        android:label="instagramflutter" >
20-->src\main\AndroidManifest.xml:9:16-48
21        <activity
21-->src\main\AndroidManifest.xml:10:5-26:16
22            android:name="com.dangngocduc.instagramflutter.MainActivity"
22-->src\main\AndroidManifest.xml:10:15-43
23            android:configChanges="orientation|keyboardHidden|keyboard|screenSize|smallestScreenSize|locale|layoutDirection|fontScale|screenLayout|density|uiMode"
23-->src\main\AndroidManifest.xml:10:110-260
24            android:hardwareAccelerated="true"
24-->src\main\AndroidManifest.xml:10:261-295
25            android:launchMode="singleTop"
25-->src\main\AndroidManifest.xml:10:44-74
26            android:theme="@style/LaunchTheme"
26-->src\main\AndroidManifest.xml:10:75-109
27            android:windowSoftInputMode="adjustResize" >
27-->src\main\AndroidManifest.xml:10:296-338
28
29            <!--
30           Specifies an Android theme to apply to this Activity as soon as
31                 the Android process has started. This theme is visible to the user
32                 while the Flutter UI initializes. After that, this theme continues
33                 to determine the Window background behind the Flutter UI.
34            -->
35            <meta-data
35-->src\main\AndroidManifest.xml:15:7-114
36                android:name="io.flutter.embedding.android.NormalTheme"
36-->src\main\AndroidManifest.xml:15:18-73
37                android:resource="@style/NormalTheme" />
37-->src\main\AndroidManifest.xml:15:74-111
38            <!--
39           Displays an Android View that continues showing the launch screen
40                 Drawable until Flutter paints its first frame, then this splash
41                 screen fades out. A splash screen is useful to avoid any visual
42                 gap between the end of Android's launch screen and the painting of
43                 Flutter's first frame.
44            -->
45            <meta-data
45-->src\main\AndroidManifest.xml:21:7-132
46                android:name="io.flutter.embedding.android.SplashScreenDrawable"
46-->src\main\AndroidManifest.xml:21:18-82
47                android:resource="@drawable/launch_background" />
47-->src\main\AndroidManifest.xml:21:83-129
48
49            <intent-filter>
49-->src\main\AndroidManifest.xml:22:7-25:23
50                <action android:name="android.intent.action.MAIN" />
50-->src\main\AndroidManifest.xml:23:9-61
50-->src\main\AndroidManifest.xml:23:17-58
51
52                <category android:name="android.intent.category.LAUNCHER" />
52-->src\main\AndroidManifest.xml:24:9-69
52-->src\main\AndroidManifest.xml:24:19-66
53            </intent-filter>
54        </activity>
55        <!--
56         Don't delete the meta-data below.
57             This is used by the Flutter tool to generate GeneratedPluginRegistrant.java
58        -->
59        <meta-data
59-->src\main\AndroidManifest.xml:29:5-68
60            android:name="flutterEmbedding"
60-->src\main\AndroidManifest.xml:29:16-47
61            android:value="2" />
61-->src\main\AndroidManifest.xml:29:48-65
62
63        <uses-library
63-->[androidx.window:window:1.0.0-beta04] AndroidManifest.xml:25:9-27:40
64            android:name="androidx.window.extensions"
64-->[androidx.window:window:1.0.0-beta04] AndroidManifest.xml:26:13-54
65            android:required="false" />
65-->[androidx.window:window:1.0.0-beta04] AndroidManifest.xml:27:13-37
66        <uses-library
66-->[androidx.window:window:1.0.0-beta04] AndroidManifest.xml:28:9-30:40
67            android:name="androidx.window.sidecar"
67-->[androidx.window:window:1.0.0-beta04] AndroidManifest.xml:29:13-51
68            android:required="false" />
68-->[androidx.window:window:1.0.0-beta04] AndroidManifest.xml:30:13-37
69    </application>
70
71</manifest>